<?xml version="1.0" encoding="UTF-8"?>
<!-- Generated by org.testng.reporters.JUnitXMLReporter -->
<testsuite ignored="0" hostname="INT-QECORE-0118" failures="1" tests="9" name="Default test" time="20.754" errors="0" timestamp="2025-07-17T16:35:11 IST">
  <testcase classname="com.ttaf.Library.TestBase" name="@AfterMethod checkAlerts" time="0.01">
    <failure type="java.lang.NullPointerException" message="Cannot invoke &amp;quot;org.openqa.selenium.WebDriver.switchTo()&amp;quot; because the return value of &amp;quot;com.ttaf.Library.AppLibrary.getCurrentDriverInstance()&amp;quot; is null">
      <![CDATA[java.lang.NullPointerException: Cannot invoke "org.openqa.selenium.WebDriver.switchTo()" because the return value of "com.ttaf.Library.AppLibrary.getCurrentDriverInstance()" is null
at com.ttaf.Library.TestBase.checkAlerts(TestBase.java:135)
at java.base/jdk.internal.reflect.DirectMethodHandleAccessor.invoke(DirectMethodHandleAccessor.java:103)
at java.base/java.lang.reflect.Method.invoke(Method.java:580)
at org.testng.internal.invokers.MethodInvocationHelper.invokeMethod(MethodInvocationHelper.java:141)
at org.testng.internal.invokers.MethodInvocationHelper.invokeMethodConsideringTimeout(MethodInvocationHelper.java:71)
at org.testng.internal.invokers.ConfigInvoker.invokeConfigurationMethod(ConfigInvoker.java:400)
at org.testng.internal.invokers.ConfigInvoker.invokeConfigurations(ConfigInvoker.java:333)
at org.testng.internal.invokers.TestInvoker.runConfigMethods(TestInvoker.java:833)
at org.testng.internal.invokers.TestInvoker.runAfterConfigurations(TestInvoker.java:802)
at org.testng.internal.invokers.TestInvoker.invokeMethod(TestInvoker.java:778)
at org.testng.internal.invokers.TestInvoker.invokeTestMethod(TestInvoker.java:230)
at org.testng.internal.invokers.MethodRunner.runInSequence(MethodRunner.java:63)
at org.testng.internal.invokers.TestInvoker$MethodInvocationAgent.invoke(TestInvoker.java:992)
at org.testng.internal.invokers.TestInvoker.invokeTestMethods(TestInvoker.java:203)
at org.testng.internal.invokers.TestMethodWorker.invokeTestMethods(TestMethodWorker.java:154)
at org.testng.internal.invokers.TestMethodWorker.run(TestMethodWorker.java:134)
at java.base/java.util.ArrayList.forEach(ArrayList.java:1597)
at org.testng.TestRunner.privateRun(TestRunner.java:739)
at org.testng.TestRunner.run(TestRunner.java:614)
at org.testng.SuiteRunner.runTest(SuiteRunner.java:421)
at org.testng.SuiteRunner.runSequentially(SuiteRunner.java:413)
at org.testng.SuiteRunner.privateRun(SuiteRunner.java:373)
at org.testng.SuiteRunner.run(SuiteRunner.java:312)
at org.testng.SuiteRunnerWorker.runSuite(SuiteRunnerWorker.java:52)
at org.testng.SuiteRunnerWorker.run(SuiteRunnerWorker.java:95)
at org.testng.TestNG.runSuitesSequentially(TestNG.java:1274)
at org.testng.TestNG.runSuitesLocally(TestNG.java:1208)
at org.testng.TestNG.runSuites(TestNG.java:1112)
at org.testng.TestNG.run(TestNG.java:1079)
at org.testng.remote.AbstractRemoteTestNG.run(AbstractRemoteTestNG.java:115)
at org.testng.remote.RemoteTestNG.initAndRun(RemoteTestNG.java:293)
at org.testng.remote.RemoteTestNG.main(RemoteTestNG.java:91)
]]>
    </failure>
  </testcase> <!-- @AfterMethod checkAlerts -->
  <testcase classname="com.ttaf.Library.TestBase" name="@AfterMethod checkAlerts" time="0.0">
    <skipped/>
  </testcase> <!-- @AfterMethod checkAlerts -->
  <testcase classname="com.ttaf.Library.TestBase" name="@AfterMethod checkAlerts" time="0.0">
    <skipped/>
  </testcase> <!-- @AfterMethod checkAlerts -->
  <testcase classname="com.ttaf.Library.TestBase" name="@AfterMethod checkAlerts" time="0.0">
    <skipped/>
  </testcase> <!-- @AfterMethod checkAlerts -->
  <testcase classname="com.ttaf.Library.TestBase" name="@AfterMethod checkAlerts" time="0.0">
    <skipped/>
  </testcase> <!-- @AfterMethod checkAlerts -->
  <testcase classname="com.ttaf.Library.TestBase" name="@AfterMethod checkAlerts" time="0.0">
    <skipped/>
  </testcase> <!-- @AfterMethod checkAlerts -->
  <testcase classname="com.ttaf.Library.TestBase" name="@AfterMethod checkAlerts" time="0.0">
    <skipped/>
  </testcase> <!-- @AfterMethod checkAlerts -->
  <testcase classname="com.ttaf.Library.TestBase" name="@AfterMethod checkAlerts" time="0.0">
    <skipped/>
  </testcase> <!-- @AfterMethod checkAlerts -->
  <testcase classname="com.ttaf.Library.TestBase" name="@AfterMethod checkAlerts" time="0.0">
    <skipped/>
  </testcase> <!-- @AfterMethod checkAlerts -->
  <testcase classname="com.db.Regression.PatientRegistrationPageTest" name="launchPage" time="20.308">
    <failure type="org.openqa.selenium.WebDriverException" message="Timed out waiting for driver server to start.
Build info: version: &amp;apos;3.141.59&amp;apos;, revision: &amp;apos;e82be7d358&amp;apos;, time: &amp;apos;2018-11-14T08:17:03&amp;apos;
System info: host: &amp;apos;INT-QECORE-0118&amp;apos;, ip: &amp;apos;192.168.11.34&amp;apos;, os.name: &amp;apos;Windows 11&amp;apos;, os.arch: &amp;apos;amd64&amp;apos;, os.version: &amp;apos;10.0&amp;apos;, java.version: &amp;apos;23.0.1&amp;apos;
Driver info: driver.version: ChromeDriver">
      <![CDATA[org.openqa.selenium.WebDriverException: Timed out waiting for driver server to start.
Build info: version: '3.141.59', revision: 'e82be7d358', time: '2018-11-14T08:17:03'
System info: host: 'INT-QECORE-0118', ip: '192.168.11.34', os.name: 'Windows 11', os.arch: 'amd64', os.version: '10.0', java.version: '23.0.1'
Driver info: driver.version: ChromeDriver
at org.openqa.selenium.remote.service.DriverService.waitUntilAvailable(DriverService.java:202)
at org.openqa.selenium.remote.service.DriverService.start(DriverService.java:188)
at org.openqa.selenium.remote.service.DriverCommandExecutor.execute(DriverCommandExecutor.java:79)
at org.openqa.selenium.remote.RemoteWebDriver.execute(RemoteWebDriver.java:552)
at org.openqa.selenium.remote.RemoteWebDriver.startSession(RemoteWebDriver.java:213)
at org.openqa.selenium.remote.RemoteWebDriver.<init>(RemoteWebDriver.java:131)
at org.openqa.selenium.chrome.ChromeDriver.<init>(ChromeDriver.java:181)
at org.openqa.selenium.chrome.ChromeDriver.<init>(ChromeDriver.java:168)
at org.openqa.selenium.chrome.ChromeDriver.<init>(ChromeDriver.java:157)
at com.ttaf.Library.AppLibrary.getDriverInstance(AppLibrary.java:177)
at com.db.Regression.PatientRegistrationPageTest.launchPage(PatientRegistrationPageTest.java:40)
at java.base/jdk.internal.reflect.DirectMethodHandleAccessor.invoke(DirectMethodHandleAccessor.java:103)
at java.base/java.lang.reflect.Method.invoke(Method.java:580)
at org.testng.internal.invokers.MethodInvocationHelper.invokeMethod(MethodInvocationHelper.java:141)
at org.testng.internal.invokers.TestInvoker.invokeMethod(TestInvoker.java:686)
at org.testng.internal.invokers.TestInvoker.invokeTestMethod(TestInvoker.java:230)
at org.testng.internal.invokers.MethodRunner.runInSequence(MethodRunner.java:63)
at org.testng.internal.invokers.TestInvoker$MethodInvocationAgent.invoke(TestInvoker.java:992)
at org.testng.internal.invokers.TestInvoker.invokeTestMethods(TestInvoker.java:203)
at org.testng.internal.invokers.TestMethodWorker.invokeTestMethods(TestMethodWorker.java:154)
at org.testng.internal.invokers.TestMethodWorker.run(TestMethodWorker.java:134)
at java.base/java.util.ArrayList.forEach(ArrayList.java:1597)
at org.testng.TestRunner.privateRun(TestRunner.java:739)
at org.testng.TestRunner.run(TestRunner.java:614)
at org.testng.SuiteRunner.runTest(SuiteRunner.java:421)
at org.testng.SuiteRunner.runSequentially(SuiteRunner.java:413)
at org.testng.SuiteRunner.privateRun(SuiteRunner.java:373)
at org.testng.SuiteRunner.run(SuiteRunner.java:312)
at org.testng.SuiteRunnerWorker.runSuite(SuiteRunnerWorker.java:52)
at org.testng.SuiteRunnerWorker.run(SuiteRunnerWorker.java:95)
at org.testng.TestNG.runSuitesSequentially(TestNG.java:1274)
at org.testng.TestNG.runSuitesLocally(TestNG.java:1208)
at org.testng.TestNG.runSuites(TestNG.java:1112)
at org.testng.TestNG.run(TestNG.java:1079)
at org.testng.remote.AbstractRemoteTestNG.run(AbstractRemoteTestNG.java:115)
at org.testng.remote.RemoteTestNG.initAndRun(RemoteTestNG.java:293)
at org.testng.remote.RemoteTestNG.main(RemoteTestNG.java:91)
Caused by: org.openqa.selenium.net.UrlChecker$TimeoutException: Timed out waiting for [http://localhost:10186/status] to be available after 20010 ms
at org.openqa.selenium.net.UrlChecker.waitUntilAvailable(UrlChecker.java:100)
at org.openqa.selenium.remote.service.DriverService.waitUntilAvailable(DriverService.java:197)
... 36 more
Caused by: java.util.concurrent.TimeoutException
at java.base/java.util.concurrent.FutureTask.get(FutureTask.java:204)
at com.google.common.util.concurrent.SimpleTimeLimiter.callWithTimeout(SimpleTimeLimiter.java:156)
at org.openqa.selenium.net.UrlChecker.waitUntilAvailable(UrlChecker.java:75)
... 37 more
]]>
    </failure>
  </testcase> <!-- launchPage -->
  <testcase classname="com.db.Regression.PatientRegistrationPageTest" name="accountCreation" time="0.0">
    <skipped/>
  </testcase> <!-- accountCreation -->
  <testcase classname="com.db.Regression.PatientRegistrationPageTest" name="reasonforAppointment" time="0.0">
    <skipped/>
  </testcase> <!-- reasonforAppointment -->
  <testcase classname="com.db.Regression.PatientRegistrationPageTest" name="selectProvider" time="0.0">
    <skipped/>
  </testcase> <!-- selectProvider -->
  <testcase classname="com.db.Regression.PatientRegistrationPageTest" name="bookAppointment" time="0.0">
    <skipped/>
  </testcase> <!-- bookAppointment -->
  <testcase classname="com.db.Regression.PatientRegistrationPageTest" name="patientInsuranceDetails" time="0.0">
    <skipped/>
  </testcase> <!-- patientInsuranceDetails -->
  <testcase classname="com.db.Regression.PatientRegistrationPageTest" name="savePatientDeatils" time="0.0">
    <skipped/>
  </testcase> <!-- savePatientDeatils -->
  <testcase classname="com.db.Regression.PatientRegistrationPageTest" name="appointmentConfirmationMessagePopup" time="0.001">
    <skipped/>
  </testcase> <!-- appointmentConfirmationMessagePopup -->
  <testcase classname="com.db.Regression.PatientRegistrationPageTest" name="checkScheduledAppointment" time="0.0">
    <skipped/>
  </testcase> <!-- checkScheduledAppointment -->
</testsuite> <!-- Default test -->
